<?xml version="1.0" encoding="UTF-8"?>
<testng-results skipped="0" failed="0" ignored="0" total="1" passed="1">
  <reporter-output>
  </reporter-output>
  <suite name="Default suite" duration-ms="10665" started-at="2022-01-11T12:58:01 IST" finished-at="2022-01-11T12:58:12 IST">
    <groups>
    </groups>
    <test name="Default test" duration-ms="10665" started-at="2022-01-11T12:58:01 IST" finished-at="2022-01-11T12:58:12 IST">
      <class name="com_rest.AutomateHeader">
        <test-method status="PASS" signature="multipal_headers_using_Heders()[pri:0, instance:com_rest.AutomateHeader@6acdbdf5]" name="multipal_headers_using_Heders" duration-ms="10535" started-at="2022-01-11T12:58:01 IST" finished-at="2022-01-11T12:58:12 IST">
          <reporter-output>
          </reporter-output>
        </test-method> <!-- multipal_headers_using_Heders -->
      </class> <!-- com_rest.AutomateHeader -->
    </test> <!-- Default test -->
  </suite> <!-- Default suite -->
</testng-results>
