<?xml version="1.0" encoding="UTF-8"?>
<!-- Generated by org.testng.reporters.JUnitXMLReporter -->
<testsuite hostname="DESKTOP-GHQ916B" ignored="0" name="Default test" tests="3" failures="0" timestamp="2021-12-22T17:28:41 IST" time="9.016" errors="0">
  <testcase name="Delete_Method" time="7.084" classname="Demo.Put_Patch_Delete"/>
  <testcase name="PatchMethod" time="1.009" classname="Demo.Put_Patch_Delete"/>
  <testcase name="PutMethod" time="0.8" classname="Demo.Put_Patch_Delete"/>
</testsuite> <!-- Default test -->
